<?xml version="1.0" encoding="UTF-8"?>
<!-- Generated by org.testng.reporters.JUnitReportReporter -->
<testsuite hostname="MIDL005224" failures="0" tests="1" name="searchTests.TC_02" time="5.414" errors="0" timestamp="2021-05-20T15:04:03 CDT" skipped="0">
  <testcase classname="searchTests.TC_02" name="TC_02_Search_Nathan" time="5.414"/>
  <system-out/>
</testsuite> <!-- searchTests.TC_02 -->
