<?xml version="1.0" encoding="UTF-8"?>
<!-- Generated by org.testng.reporters.JUnitReportReporter -->
<testsuite ignored="3" hostname="MIDL005224" failures="0" tests="1" name="test.HardAssert" time="3.213" errors="0" timestamp="15 May 2021 14:32:40 GMT" skipped="0">
  <testcase classname="test.HardAssert" name="verificarTituloDePagina" time="3.213"/>
  <testcase classname="test.HardAssert" name="asserNotEquals">
    <skipped/>
  </testcase> <!-- asserNotEquals -->
  <testcase classname="test.HardAssert" name="assertEquals">
    <skipped/>
  </testcase> <!-- assertEquals -->
  <testcase classname="test.HardAssert" name="assertTrue">
    <skipped/>
  </testcase> <!-- assertTrue -->
</testsuite> <!-- test.HardAssert -->
