<?xml version="1.0" encoding="UTF-8"?>
<!-- Generated by org.testng.reporters.JUnitReportReporter -->
<testsuite hostname="MIDL005224" failures="0" tests="1" name="logintTests.TC_01" time="11.338" errors="0" timestamp="2021-05-20T17:41:36 CDT" skipped="0">
  <testcase classname="logintTests.TC_01" name="TC_01_CorrectLogin" time="11.338"/>
  <system-out/>
</testsuite> <!-- logintTests.TC_01 -->
