<?xml version="1.0" encoding="UTF-8"?>
<!-- Generated by org.testng.reporters.JUnitReportReporter -->
<testsuite ignored="0" hostname="MIDL005224" failures="0" tests="1" name="test.NewTest" time="3.242" errors="0" timestamp="24 Apr 2021 13:11:45 GMT" skipped="0">
  <testcase classname="test.NewTest" name="Test" time="3.242"/>
</testsuite> <!-- test.NewTest -->
