<?xml version="1.0" encoding="UTF-8"?>
<!-- Generated by org.testng.reporters.JUnitReportReporter -->
<testsuite ignored="0" hostname="MIDL005224" failures="0" tests="1" name="test.testas" time="3.146" errors="0" timestamp="15 May 2021 00:33:21 GMT" skipped="0">
  <testcase classname="test.testas" name="softAssertEquals" time="3.146"/>
</testsuite> <!-- test.testas -->
