<?xml version="1.0" encoding="UTF-8"?>
<!-- Generated by org.testng.reporters.JUnitReportReporter -->
<testsuite hostname="MIDL005224" failures="0" tests="1" name="logintTests.TC_01_Excel" time="11.025" errors="0" timestamp="2021-05-20T15:45:24 CDT" skipped="0">
  <testcase classname="logintTests.TC_01_Excel" name="TC_01_CorrectLogin" time="11.025"/>
  <system-out/>
</testsuite> <!-- logintTests.TC_01_Excel -->
