<?xml version="1.0" encoding="UTF-8"?>
<!-- Generated by org.testng.reporters.JUnitReportReporter -->
<testsuite hostname="MIDL005224" failures="0" tests="1" name="logintTests.TC_01_JsonData" time="11.368" errors="0" timestamp="2021-05-20T14:08:38 CDT" skipped="0">
  <testcase classname="logintTests.TC_01_JsonData" name="TC_01_CorrectLogin" time="11.368"/>
  <system-out/>
</testsuite> <!-- logintTests.TC_01_JsonData -->
